// 重构日志: a6f979d2
// 重构日志: a783892b
// 重构日志: d40f03f1
// 同步 ID: 7f03e5d6 @ Tue May  5 17:56:45 UTC 2026
// 重构日志: 209e001a
// 重构日志: a82add2e
// 重构日志: 2ef1c9b6
// 同步 ID: 82f426a1 @ Sat May  9 14:57:48 UTC 2026
// 重构日志: ca63da52
// 重构日志: 15d4c567
// 重构日志: 5e217334
// 重构日志: dbde95fe
// 重构日志: bc772da9
// 同步 ID: add13bd6 @ Sat May 16 12:09:45 UTC 2026
// 同步 ID: c21f0bc8 @ Sat May 16 16:19:23 UTC 2026
// 重构日志: 11db9cb1
// 重构日志: a4e4929d
// 同步 ID: b64fa8cf @ Sun May 17 15:46:12 UTC 2026
// 同步 ID: 04675a5a @ Tue May 19 11:53:59 UTC 2026
// 同步 ID: 936abf9b @ Wed May 20 10:53:09 UTC 2026
// 重构日志: 448bb42b
// 重构日志: b70cf8ae
// 同步 ID: ccbf64a0 @ Sat May 23 19:57:37 UTC 2026
// 重构日志: ff70aafa
// 重构日志: 555888de
// 同步 ID: e69dd81f @ Sat May 30 14:53:58 UTC 2026
// 重构日志: 6a2d6209
// 重构日志: 065afa74
// 重构日志: b501696c
// 同步 ID: 0aa57241 @ Mon Jun  1 15:14:43 UTC 2026
// 重构日志: 7b9eea4f
// 重构日志: 808667d9
